<?xml version="1.0" encoding="UTF-8"?>
<testsuite xmlns:xsi="http://www.w3.org/2001/XMLSchema-instance" xsi:noNamespaceSchemaLocation="https://maven.apache.org/surefire/maven-surefire-plugin/xsd/surefire-test-report-3.0.xsd" version="3.0" name="TestSuite" time="131.275" tests="7" errors="0" skipped="0" failures="2">
  <properties>
[...]
</properties>
  <testcase name="loginFailure" classname="wistamp.tests.LoginTest" time="4.158"/>
  <testcase name="loginSucess" classname="wistamp.tests.LoginTest" time="6.21"/>
  <testcase name="forgotPass" classname="wistamp.tests.ForgotPasswordTest" time="7.362"/>
  <testcase name="RenameSignature" classname="wistamp.tests.RenameTest" time="17.729">
    <failure message="expected [New Signature1] but found [New Signature]" type="java.lang.AssertionError"><![CDATA[java.lang.AssertionError: expected [New Signature1] but found [New Signature]
	at wistamp.tests.RenameTest.RenameSignature(RenameTest.java:34)
]]></failure>
    <system-err><![CDATA[Starting ChromeDriver 126.0.6478.126 (d36ace6122e0a59570e258d82441395206d60e1c-refs/branch-heads/6478@{#1591}) on port 10142
Only local connections are allowed.
Please see https://chromedriver.chromium.org/security-considerations for suggestions on keeping ChromeDriver safe.
ChromeDriver was started successfully.
יול 01, 2024 10:22:14 AM org.openqa.selenium.devtools.CdpVersionFinder findNearestMatch
WARNING: Unable to find CDP implementation matching 126
יול 01, 2024 10:22:14 AM org.openqa.selenium.chromium.ChromiumDriver lambda$new$3
WARNING: Unable to find version of CDP to use for . You may need to include a dependency on a specific version of the CDP using something similar to `org.seleniumhq.selenium:selenium-devtools-v86:4.8.3` where the version ("v86") matches the version of the chromium-based browser you're using and the version number of the artifact is the same as Selenium's.
]]></system-err>
  </testcase>
  <testcase name="greenPopUp" classname="wistamp.tests.RenameTest" time="0.112"/>
  <testcase name="addDetails" classname="wistamp.tests.TestEdit" time="18.402">
    <failure message="expected [Alex] but found [AlexAlexAlexAlex]" type="java.lang.AssertionError"><![CDATA[java.lang.AssertionError: expected [Alex] but found [AlexAlexAlexAlex]
	at wistamp.tests.TestEdit.addDetails(TestEdit.java:27)
]]></failure>
    <system-err><![CDATA[Starting ChromeDriver 126.0.6478.126 (d36ace6122e0a59570e258d82441395206d60e1c-refs/branch-heads/6478@{#1591}) on port 19281
Only local connections are allowed.
Please see https://chromedriver.chromium.org/security-considerations for suggestions on keeping ChromeDriver safe.
ChromeDriver was started successfully.
יול 01, 2024 10:22:40 AM org.openqa.selenium.devtools.CdpVersionFinder findNearestMatch
WARNING: Unable to find CDP implementation matching 126
יול 01, 2024 10:22:40 AM org.openqa.selenium.chromium.ChromiumDriver lambda$new$3
WARNING: Unable to find version of CDP to use for . You may need to include a dependency on a specific version of the CDP using something similar to `org.seleniumhq.selenium:selenium-devtools-v86:4.8.3` where the version ("v86") matches the version of the chromium-based browser you're using and the version number of the artifact is the same as Selenium's.
]]></system-err>
  </testcase>
  <testcase name="addVideo" classname="wistamp.tests.AppDetailsTest" time="15.42"/>
</testsuite>